# JRE version: OpenJDK Runtime Environment (8.0_242-b01) (build 1.8.0_242-release-1644-b01)
# Java VM: OpenJDK 64-Bit Server VM (25.242-b01 mixed mode windows-amd64 compressed oops)
Heap:
 PSYoungGen      total 231936K, used 131533K [0x00000000d5580000, 0x00000000e4b00000, 0x0000000100000000)
  eden space 216576K, 53% used [0x00000000d5580000,0x00000000dc6f8080,0x00000000e2900000)
  from space 15360K, 99% used [0x00000000e2900000,0x00000000e37fb448,0x00000000e3800000)
  to   space 15872K, 0% used [0x00000000e3800000,0x00000000e3800000,0x00000000e4780000)
 ParOldGen       total 146944K, used 47441K [0x0000000080000000, 0x0000000088f80000, 0x00000000d5580000)
  object space 146944K, 32% used [0x0000000080000000,0x0000000082e54650,0x0000000088f80000)
 Metaspace       used 65921K, capacity 69668K, committed 69784K, reserved 1110016K
  class space    used 9124K, capacity 9815K, committed 9904K, reserved 1048576K
GC Heap History (10 events):
Event: 3.151 GC heap before
{Heap before GC invocations=8 (full 2):
 PSYoungGen      total 232448K, used 8313K [0x00000000d5580000, 0x00000000e4b00000, 0x0000000100000000)
  eden space 216576K, 0% used [0x00000000d5580000,0x00000000d5580000,0x00000000e2900000)
  from space 15872K, 52% used [0x00000000e3800000,0x00000000e401e528,0x00000000e4780000)
  to   space 15360K, 0% used [0x00000000e2900000,0x00000000e2900000,0x00000000e3800000)
 ParOldGen       total 94208K, used 10523K [0x0000000080000000, 0x0000000085c00000, 0x00000000d5580000)
  object space 94208K, 11% used [0x0000000080000000,0x0000000080a46cb0,0x0000000085c00000)
 Metaspace       used 34362K, capacity 35432K, committed 35496K, reserved 1079296K
  class space    used 4728K, capacity 5007K, committed 5040K, reserved 1048576K
Event: 3.201 GC heap after
Heap after GC invocations=8 (full 2):
 PSYoungGen      total 232448K, used 0K [0x00000000d5580000, 0x00000000e4b00000, 0x0000000100000000)
  eden space 216576K, 0% used [0x00000000d5580000,0x00000000d5580000,0x00000000e2900000)
  from space 15872K, 0% used [0x00000000e3800000,0x00000000e3800000,0x00000000e4780000)
  to   space 15360K, 0% used [0x00000000e2900000,0x00000000e2900000,0x00000000e3800000)
 ParOldGen       total 146944K, used 14691K [0x0000000080000000, 0x0000000088f80000, 0x00000000d5580000)
  object space 146944K, 9% used [0x0000000080000000,0x0000000080e58e50,0x0000000088f80000)
 Metaspace       used 34362K, capacity 35432K, committed 35496K, reserved 1079296K
  class space    used 4728K, capacity 5007K, committed 5040K, reserved 1048576K
}
Event: 4.351 GC heap before
{Heap before GC invocations=9 (full 2):
 PSYoungGen      total 232448K, used 216576K [0x00000000d5580000, 0x00000000e4b00000, 0x0000000100000000)
  eden space 216576K, 100% used [0x00000000d5580000,0x00000000e2900000,0x00000000e2900000)
  from space 15872K, 0% used [0x00000000e3800000,0x00000000e3800000,0x00000000e4780000)
  to   space 15360K, 0% used [0x00000000e2900000,0x00000000e2900000,0x00000000e3800000)
 ParOldGen       total 146944K, used 14691K [0x0000000080000000, 0x0000000088f80000, 0x00000000d5580000)
  object space 146944K, 9% used [0x0000000080000000,0x0000000080e58e50,0x0000000088f80000)
 Metaspace       used 46003K, capacity 47858K, committed 48168K, reserved 1091584K
  class space    used 6236K, capacity 6607K, committed 6704K, reserved 1048576K
Event: 4.361 GC heap after
Heap after GC invocations=9 (full 2):
 PSYoungGen      total 231936K, used 15351K [0x00000000d5580000, 0x00000000e4b00000, 0x0000000100000000)
  eden space 216576K, 0% used [0x00000000d5580000,0x00000000d5580000,0x00000000e2900000)
  from space 15360K, 99% used [0x00000000e2900000,0x00000000e37fdd88,0x00000000e3800000)
  to   space 15872K, 0% used [0x00000000e3800000,0x00000000e3800000,0x00000000e4780000)
 ParOldGen       total 146944K, used 16722K [0x0000000080000000, 0x0000000088f80000, 0x00000000d5580000)
  object space 146944K, 11% used [0x0000000080000000,0x0000000081054a28,0x0000000088f80000)
 Metaspace       used 46003K, capacity 47858K, committed 48168K, reserved 1091584K
  class space    used 6236K, capacity 6607K, committed 6704K, reserved 1048576K
}
Event: 5.344 GC heap before
{Heap before GC invocations=10 (full 2):
 PSYoungGen      total 231936K, used 142727K [0x00000000d5580000, 0x00000000e4b00000, 0x0000000100000000)
  eden space 216576K, 58% used [0x00000000d5580000,0x00000000dd1e4218,0x00000000e2900000)
  from space 15360K, 99% used [0x00000000e2900000,0x00000000e37fdd88,0x00000000e3800000)
  to   space 15872K, 0% used [0x00000000e3800000,0x00000000e3800000,0x00000000e4780000)
 ParOldGen       total 146944K, used 16722K [0x0000000080000000, 0x0000000088f80000, 0x00000000d5580000)
  object space 146944K, 11% used [0x0000000080000000,0x0000000081054a28,0x0000000088f80000)
 Metaspace       used 56731K, capacity 59120K, committed 59160K, reserved 1099776K
  class space    used 7776K, capacity 8231K, committed 8240K, reserved 1048576K
Event: 5.356 GC heap after
Heap after GC invocations=10 (full 2):
 PSYoungGen      total 232448K, used 15868K [0x00000000d5580000, 0x00000000e4b00000, 0x0000000100000000)
  eden space 216576K, 0% used [0x00000000d5580000,0x00000000d5580000,0x00000000e2900000)
  from space 15872K, 99% used [0x00000000e3800000,0x00000000e477f320,0x00000000e4780000)
  to   space 15360K, 0% used [0x00000000e2900000,0x00000000e2900000,0x00000000e3800000)
 ParOldGen       total 146944K, used 25130K [0x0000000080000000, 0x0000000088f80000, 0x00000000d5580000)
  object space 146944K, 17% used [0x0000000080000000,0x000000008188a890,0x0000000088f80000)
 Metaspace       used 56731K, capacity 59120K, committed 59160K, reserved 1099776K
  class space    used 7776K, capacity 8231K, committed 8240K, reserved 1048576K
}
Event: 5.356 GC heap before
{Heap before GC invocations=11 (full 3):
 PSYoungGen      total 232448K, used 15868K [0x00000000d5580000, 0x00000000e4b00000, 0x0000000100000000)
  eden space 216576K, 0% used [0x00000000d5580000,0x00000000d5580000,0x00000000e2900000)
  from space 15872K, 99% used [0x00000000e3800000,0x00000000e477f320,0x00000000e4780000)
  to   space 15360K, 0% used [0x00000000e2900000,0x00000000e2900000,0x00000000e3800000)
 ParOldGen       total 146944K, used 25130K [0x0000000080000000, 0x0000000088f80000, 0x00000000d5580000)
  object space 146944K, 17% used [0x0000000080000000,0x000000008188a890,0x0000000088f80000)
 Metaspace       used 56731K, capacity 59120K, committed 59160K, reserved 1099776K
  class space    used 7776K, capacity 8231K, committed 8240K, reserved 1048576K
Event: 5.514 GC heap after
Heap after GC invocations=11 (full 3):
 PSYoungGen      total 232448K, used 0K [0x00000000d5580000, 0x00000000e4b00000, 0x0000000100000000)
  eden space 216576K, 0% used [0x00000000d5580000,0x00000000d5580000,0x00000000e2900000)
  from space 15872K, 0% used [0x00000000e3800000,0x00000000e3800000,0x00000000e4780000)
  to   space 15360K, 0% used [0x00000000e2900000,0x00000000e2900000,0x00000000e3800000)
 ParOldGen       total 146944K, used 36100K [0x0000000080000000, 0x0000000088f80000, 0x00000000d5580000)
  object space 146944K, 24% used [0x0000000080000000,0x00000000823413a0,0x0000000088f80000)
 Metaspace       used 56671K, capacity 58916K, committed 59160K, reserved 1099776K
  class space    used 7757K, capacity 8197K, committed 8240K, reserved 1048576K
}
Event: 6.878 GC heap before
{Heap before GC invocations=12 (full 3):
 PSYoungGen      total 232448K, used 216576K [0x00000000d5580000, 0x00000000e4b00000, 0x0000000100000000)
  eden space 216576K, 100% used [0x00000000d5580000,0x00000000e2900000,0x00000000e2900000)
  from space 15872K, 0% used [0x00000000e3800000,0x00000000e3800000,0x00000000e4780000)
  to   space 15360K, 0% used [0x00000000e2900000,0x00000000e2900000,0x00000000e3800000)
 ParOldGen       total 146944K, used 36100K [0x0000000080000000, 0x0000000088f80000, 0x00000000d5580000)
  object space 146944K, 24% used [0x0000000080000000,0x00000000823413a0,0x0000000088f80000)
 Metaspace       used 64644K, capacity 68352K, committed 68632K, reserved 1107968K
  class space    used 9000K, capacity 9675K, committed 9776K, reserved 1048576K
Event: 6.889 GC heap after
Heap after GC invocations=12 (full 3):
 PSYoungGen      total 231936K, used 15341K [0x00000000d5580000, 0x00000000e4b00000, 0x0000000100000000)
  eden space 216576K, 0% used [0x00000000d5580000,0x00000000d5580000,0x00000000e2900000)
  from space 15360K, 99% used [0x00000000e2900000,0x00000000e37fb448,0x00000000e3800000)
  to   space 15872K, 0% used [0x00000000e3800000,0x00000000e3800000,0x00000000e4780000)
 ParOldGen       total 146944K, used 47441K [0x0000000080000000, 0x0000000088f80000, 0x00000000d5580000)
  object space 146944K, 32% used [0x0000000080000000,0x0000000082e54650,0x0000000088f80000)
 Metaspace       used 64644K, capacity 68352K, committed 68632K, reserved 1107968K
  class space    used 9000K, capacity 9675K, committed 9776K, reserved 1048576K
}

