# JRE version: OpenJDK Runtime Environment (8.0_242-b01) (build 1.8.0_242-release-1644-b01)
# Java VM: OpenJDK 64-Bit Server VM (25.242-b01 mixed mode windows-amd64 compressed oops)
Heap:
 PSYoungGen      total 276992K, used 12090K [0x00000000d5580000, 0x00000000eb580000, 0x0000000100000000)
  eden space 228864K, 5% used [0x00000000d5580000,0x00000000d614e960,0x00000000e3500000)
  from space 48128K, 0% used [0x00000000e3500000,0x00000000e3500000,0x00000000e6400000)
  to   space 46592K, 0% used [0x00000000e8800000,0x00000000e8800000,0x00000000eb580000)
 ParOldGen       total 218112K, used 64083K [0x0000000080000000, 0x000000008d500000, 0x00000000d5580000)
  object space 218112K, 29% used [0x0000000080000000,0x0000000083e94c50,0x000000008d500000)
 Metaspace       used 92593K, capacity 97214K, committed 98636K, reserved 1134592K
  class space    used 12224K, capacity 13163K, committed 13428K, reserved 1048576K
GC Heap History (10 events):
Event: 8.354 GC heap before
{Heap before GC invocations=15 (full 3):
 PSYoungGen      total 208384K, used 204165K [0x00000000d5580000, 0x00000000e5880000, 0x0000000100000000)
  eden space 187392K, 100% used [0x00000000d5580000,0x00000000e0c80000,0x00000000e0c80000)
  from space 20992K, 79% used [0x00000000e0c80000,0x00000000e1ce17c0,0x00000000e2100000)
  to   space 22528K, 0% used [0x00000000e4280000,0x00000000e4280000,0x00000000e5880000)
 ParOldGen       total 218112K, used 33971K [0x0000000080000000, 0x000000008d500000, 0x00000000d5580000)
  object space 218112K, 15% used [0x0000000080000000,0x000000008212cff8,0x000000008d500000)
 Metaspace       used 78318K, capacity 82756K, committed 83032K, reserved 1120256K
  class space    used 10731K, capacity 11554K, committed 11648K, reserved 1048576K
Event: 8.368 GC heap after
Heap after GC invocations=15 (full 3):
 PSYoungGen      total 238592K, used 22501K [0x00000000d5580000, 0x00000000e5e00000, 0x0000000100000000)
  eden space 216064K, 0% used [0x00000000d5580000,0x00000000d5580000,0x00000000e2880000)
  from space 22528K, 99% used [0x00000000e4280000,0x00000000e58795a0,0x00000000e5880000)
  to   space 26624K, 0% used [0x00000000e2880000,0x00000000e2880000,0x00000000e4280000)
 ParOldGen       total 218112K, used 37608K [0x0000000080000000, 0x000000008d500000, 0x00000000d5580000)
  object space 218112K, 17% used [0x0000000080000000,0x00000000824ba168,0x000000008d500000)
 Metaspace       used 78318K, capacity 82756K, committed 83032K, reserved 1120256K
  class space    used 10731K, capacity 11554K, committed 11648K, reserved 1048576K
}
Event: 440.286 GC heap before
{Heap before GC invocations=16 (full 3):
 PSYoungGen      total 238592K, used 238565K [0x00000000d5580000, 0x00000000e5e00000, 0x0000000100000000)
  eden space 216064K, 100% used [0x00000000d5580000,0x00000000e2880000,0x00000000e2880000)
  from space 22528K, 99% used [0x00000000e4280000,0x00000000e58795a0,0x00000000e5880000)
  to   space 26624K, 0% used [0x00000000e2880000,0x00000000e2880000,0x00000000e4280000)
 ParOldGen       total 218112K, used 37608K [0x0000000080000000, 0x000000008d500000, 0x00000000d5580000)
  object space 218112K, 17% used [0x0000000080000000,0x00000000824ba168,0x000000008d500000)
 Metaspace       used 84337K, capacity 89188K, committed 89304K, reserved 1126400K
  class space    used 11242K, capacity 12216K, committed 12288K, reserved 1048576K
Event: 440.309 GC heap after
Heap after GC invocations=16 (full 3):
 PSYoungGen      total 242688K, used 26608K [0x00000000d5580000, 0x00000000e8400000, 0x0000000100000000)
  eden space 216064K, 0% used [0x00000000d5580000,0x00000000d5580000,0x00000000e2880000)
  from space 26624K, 99% used [0x00000000e2880000,0x00000000e427c160,0x00000000e4280000)
  to   space 32768K, 0% used [0x00000000e6400000,0x00000000e6400000,0x00000000e8400000)
 ParOldGen       total 218112K, used 44158K [0x0000000080000000, 0x000000008d500000, 0x00000000d5580000)
  object space 218112K, 20% used [0x0000000080000000,0x0000000082b1fac8,0x000000008d500000)
 Metaspace       used 84337K, capacity 89188K, committed 89304K, reserved 1126400K
  class space    used 11242K, capacity 12216K, committed 12288K, reserved 1048576K
}
Event: 442.033 GC heap before
{Heap before GC invocations=17 (full 3):
 PSYoungGen      total 242688K, used 241114K [0x00000000d5580000, 0x00000000e8400000, 0x0000000100000000)
  eden space 216064K, 99% used [0x00000000d5580000,0x00000000e26fa718,0x00000000e2880000)
  from space 26624K, 99% used [0x00000000e2880000,0x00000000e427c160,0x00000000e4280000)
  to   space 32768K, 0% used [0x00000000e6400000,0x00000000e6400000,0x00000000e8400000)
 ParOldGen       total 218112K, used 44158K [0x0000000080000000, 0x000000008d500000, 0x00000000d5580000)
  object space 218112K, 20% used [0x0000000080000000,0x0000000082b1fac8,0x000000008d500000)
 Metaspace       used 87445K, capacity 92624K, committed 92760K, reserved 1130496K
  class space    used 11596K, capacity 12620K, committed 12672K, reserved 1048576K
Event: 442.067 GC heap after
Heap after GC invocations=17 (full 3):
 PSYoungGen      total 261632K, used 32747K [0x00000000d5580000, 0x00000000ea680000, 0x0000000100000000)
  eden space 228864K, 0% used [0x00000000d5580000,0x00000000d5580000,0x00000000e3500000)
  from space 32768K, 99% used [0x00000000e6400000,0x00000000e83faf90,0x00000000e8400000)
  to   space 48128K, 0% used [0x00000000e3500000,0x00000000e3500000,0x00000000e6400000)
 ParOldGen       total 218112K, used 72992K [0x0000000080000000, 0x000000008d500000, 0x00000000d5580000)
  object space 218112K, 33% used [0x0000000080000000,0x0000000084748388,0x000000008d500000)
 Metaspace       used 87445K, capacity 92624K, committed 92760K, reserved 1130496K
  class space    used 11596K, capacity 12620K, committed 12672K, reserved 1048576K
}
Event: 443.104 GC heap before
{Heap before GC invocations=18 (full 3):
 PSYoungGen      total 261632K, used 197897K [0x00000000d5580000, 0x00000000ea680000, 0x0000000100000000)
  eden space 228864K, 72% used [0x00000000d5580000,0x00000000df6c75e8,0x00000000e3500000)
  from space 32768K, 99% used [0x00000000e6400000,0x00000000e83faf90,0x00000000e8400000)
  to   space 48128K, 0% used [0x00000000e3500000,0x00000000e3500000,0x00000000e6400000)
 ParOldGen       total 218112K, used 72992K [0x0000000080000000, 0x000000008d500000, 0x00000000d5580000)
  object space 218112K, 33% used [0x0000000080000000,0x0000000084748388,0x000000008d500000)
 Metaspace       used 92852K, capacity 98308K, committed 98380K, reserved 1134592K
  class space    used 12320K, capacity 13382K, committed 13428K, reserved 1048576K
Event: 443.126 GC heap after
Heap after GC invocations=18 (full 3):
 PSYoungGen      total 276992K, used 14271K [0x00000000d5580000, 0x00000000eb580000, 0x0000000100000000)
  eden space 228864K, 0% used [0x00000000d5580000,0x00000000d5580000,0x00000000e3500000)
  from space 48128K, 29% used [0x00000000e3500000,0x00000000e42efd88,0x00000000e6400000)
  to   space 46592K, 0% used [0x00000000e8800000,0x00000000e8800000,0x00000000eb580000)
 ParOldGen       total 218112K, used 98017K [0x0000000080000000, 0x000000008d500000, 0x00000000d5580000)
  object space 218112K, 44% used [0x0000000080000000,0x0000000085fb8510,0x000000008d500000)
 Metaspace       used 92852K, capacity 98308K, committed 98380K, reserved 1134592K
  class space    used 12320K, capacity 13382K, committed 13428K, reserved 1048576K
}
Event: 443.126 GC heap before
{Heap before GC invocations=19 (full 4):
 PSYoungGen      total 276992K, used 14271K [0x00000000d5580000, 0x00000000eb580000, 0x0000000100000000)
  eden space 228864K, 0% used [0x00000000d5580000,0x00000000d5580000,0x00000000e3500000)
  from space 48128K, 29% used [0x00000000e3500000,0x00000000e42efd88,0x00000000e6400000)
  to   space 46592K, 0% used [0x00000000e8800000,0x00000000e8800000,0x00000000eb580000)
 ParOldGen       total 218112K, used 98017K [0x0000000080000000, 0x000000008d500000, 0x00000000d5580000)
  object space 218112K, 44% used [0x0000000080000000,0x0000000085fb8510,0x000000008d500000)
 Metaspace       used 92852K, capacity 98308K, committed 98380K, reserved 1134592K
  class space    used 12320K, capacity 13382K, committed 13428K, reserved 1048576K
Event: 443.268 GC heap after
Heap after GC invocations=19 (full 4):
 PSYoungGen      total 276992K, used 0K [0x00000000d5580000, 0x00000000eb580000, 0x0000000100000000)
  eden space 228864K, 0% used [0x00000000d5580000,0x00000000d5580000,0x00000000e3500000)
  from space 48128K, 0% used [0x00000000e3500000,0x00000000e3500000,0x00000000e6400000)
  to   space 46592K, 0% used [0x00000000e8800000,0x00000000e8800000,0x00000000eb580000)
 ParOldGen       total 218112K, used 64083K [0x0000000080000000, 0x000000008d500000, 0x00000000d5580000)
  object space 218112K, 29% used [0x0000000080000000,0x0000000083e94c50,0x000000008d500000)
 Metaspace       used 92353K, capacity 96818K, committed 98380K, reserved 1134592K
  class space    used 12161K, capacity 13107K, committed 13428K, reserved 1048576K
}

